The system is: Linux - 6.12.47+rpt-rpi-2712 - aarch64
Compiling the C compiler identification source file "CMakeCCompilerId.c" succeeded.
Compiler: /usr/bin/cc 
Build flags: 
Id flags:  

The output was:
0


Compilation of the C compiler identification source "CMakeCCompilerId.c" produced "a.out"

The C compiler identification is GNU, found in "/home/exintegra/lab_scada/opc_server/build/CMakeFiles/3.25.1/CompilerIdC/a.out"

Detecting C compiler ABI info compiled with the following output:
Change Dir: /home/exintegra/lab_scada/opc_server/build/CMakeFiles/CMakeScratch/TryCompile-7JHA1D

Run Build Command(s):/usr/bin/gmake -f Makefile cmTC_e4818/fast && /usr/bin/gmake  -f CMakeFiles/cmTC_e4818.dir/build.make CMakeFiles/cmTC_e4818.dir/build
gmake[1]: Entering directory '/home/exintegra/lab_scada/opc_server/build/CMakeFiles/CMakeScratch/TryCompile-7JHA1D'
Building C object CMakeFiles/cmTC_e4818.dir/CMakeCCompilerABI.c.o
/usr/bin/cc   -v -o CMakeFiles/cmTC_e4818.dir/CMakeCCompilerABI.c.o -c /usr/share/cmake-3.25/Modules/CMakeCCompilerABI.c
Using built-in specs.
COLLECT_GCC=/usr/bin/cc
Target: aarch64-linux-gnu
Configured with: ../src/configure -v --with-pkgversion='Debian 12.2.0-14+deb12u1' --with-bugurl=file:///usr/share/doc/gcc-12/README.Bugs --enable-languages=c,ada,c++,go,d,fortran,objc,obj-c++,m2 --prefix=/usr --with-gcc-major-version-only --program-suffix=-12 --program-prefix=aarch64-linux-gnu- --enable-shared --enable-linker-build-id --libexecdir=/usr/lib --without-included-gettext --enable-threads=posix --libdir=/usr/lib --enable-nls --enable-clocale=gnu --enable-libstdcxx-debug --enable-libstdcxx-time=yes --with-default-libstdcxx-abi=new --enable-gnu-unique-object --disable-libquadmath --disable-libquadmath-support --enable-plugin --enable-default-pie --with-system-zlib --enable-libphobos-checking=release --with-target-system-zlib=auto --enable-objc-gc=auto --enable-multiarch --enable-fix-cortex-a53-843419 --disable-werror --enable-checking=release --build=aarch64-linux-gnu --host=aarch64-linux-gnu --target=aarch64-linux-gnu
Thread model: posix
Supported LTO compression algorithms: zlib zstd
gcc version 12.2.0 (Debian 12.2.0-14+deb12u1) 
COLLECT_GCC_OPTIONS='-v' '-o' 'CMakeFiles/cmTC_e4818.dir/CMakeCCompilerABI.c.o' '-c' '-mlittle-endian' '-mabi=lp64' '-dumpdir' 'CMakeFiles/cmTC_e4818.dir/'
 /usr/lib/gcc/aarch64-linux-gnu/12/cc1 -quiet -v -imultiarch aarch64-linux-gnu /usr/share/cmake-3.25/Modules/CMakeCCompilerABI.c -quiet -dumpdir CMakeFiles/cmTC_e4818.dir/ -dumpbase CMakeCCompilerABI.c.c -dumpbase-ext .c -mlittle-endian -mabi=lp64 -version -fasynchronous-unwind-tables -o /tmp/ccabm12D.s
GNU C17 (Debian 12.2.0-14+deb12u1) version 12.2.0 (aarch64-linux-gnu)
	compiled by GNU C version 12.2.0, GMP version 6.2.1, MPFR version 4.2.0, MPC version 1.3.1, isl version isl-0.25-GMP

GGC heuristics: --param ggc-min-expand=100 --param ggc-min-heapsize=131072
ignoring nonexistent directory "/usr/local/include/aarch64-linux-gnu"
ignoring nonexistent directory "/usr/lib/gcc/aarch64-linux-gnu/12/include-fixed"
ignoring nonexistent directory "/usr/lib/gcc/aarch64-linux-gnu/12/../../../../aarch64-linux-gnu/include"
#include "..." search starts here:
#include <...> search starts here:
 /usr/lib/gcc/aarch64-linux-gnu/12/include
 /usr/local/include
 /usr/include/aarch64-linux-gnu
 /usr/include
End of search list.
GNU C17 (Debian 12.2.0-14+deb12u1) version 12.2.0 (aarch64-linux-gnu)
	compiled by GNU C version 12.2.0, GMP version 6.2.1, MPFR version 4.2.0, MPC version 1.3.1, isl version isl-0.25-GMP

GGC heuristics: --param ggc-min-expand=100 --param ggc-min-heapsize=131072
Compiler executable checksum: 353d9f3bda0709922bce3bd32cc6f6a4
COLLECT_GCC_OPTIONS='-v' '-o' 'CMakeFiles/cmTC_e4818.dir/CMakeCCompilerABI.c.o' '-c' '-mlittle-endian' '-mabi=lp64' '-dumpdir' 'CMakeFiles/cmTC_e4818.dir/'
 as -v -EL -mabi=lp64 -o CMakeFiles/cmTC_e4818.dir/CMakeCCompilerABI.c.o /tmp/ccabm12D.s
GNU assembler version 2.40 (aarch64-linux-gnu) using BFD version (GNU Binutils for Debian) 2.40
COMPILER_PATH=/usr/lib/gcc/aarch64-linux-gnu/12/:/usr/lib/gcc/aarch64-linux-gnu/12/:/usr/lib/gcc/aarch64-linux-gnu/:/usr/lib/gcc/aarch64-linux-gnu/12/:/usr/lib/gcc/aarch64-linux-gnu/
LIBRARY_PATH=/usr/lib/gcc/aarch64-linux-gnu/12/:/usr/lib/gcc/aarch64-linux-gnu/12/../../../aarch64-linux-gnu/:/usr/lib/gcc/aarch64-linux-gnu/12/../../../../lib/:/lib/aarch64-linux-gnu/:/lib/../lib/:/usr/lib/aarch64-linux-gnu/:/usr/lib/../lib/:/usr/lib/gcc/aarch64-linux-gnu/12/../../../:/lib/:/usr/lib/
COLLECT_GCC_OPTIONS='-v' '-o' 'CMakeFiles/cmTC_e4818.dir/CMakeCCompilerABI.c.o' '-c' '-mlittle-endian' '-mabi=lp64' '-dumpdir' 'CMakeFiles/cmTC_e4818.dir/CMakeCCompilerABI.c.'
Linking C executable cmTC_e4818
/usr/bin/cmake -E cmake_link_script CMakeFiles/cmTC_e4818.dir/link.txt --verbose=1
/usr/bin/cc  -v CMakeFiles/cmTC_e4818.dir/CMakeCCompilerABI.c.o -o cmTC_e4818 
Using built-in specs.
COLLECT_GCC=/usr/bin/cc
COLLECT_LTO_WRAPPER=/usr/lib/gcc/aarch64-linux-gnu/12/lto-wrapper
Target: aarch64-linux-gnu
Configured with: ../src/configure -v --with-pkgversion='Debian 12.2.0-14+deb12u1' --with-bugurl=file:///usr/share/doc/gcc-12/README.Bugs --enable-languages=c,ada,c++,go,d,fortran,objc,obj-c++,m2 --prefix=/usr --with-gcc-major-version-only --program-suffix=-12 --program-prefix=aarch64-linux-gnu- --enable-shared --enable-linker-build-id --libexecdir=/usr/lib --without-included-gettext --enable-threads=posix --libdir=/usr/lib --enable-nls --enable-clocale=gnu --enable-libstdcxx-debug --enable-libstdcxx-time=yes --with-default-libstdcxx-abi=new --enable-gnu-unique-object --disable-libquadmath --disable-libquadmath-support --enable-plugin --enable-default-pie --with-system-zlib --enable-libphobos-checking=release --with-target-system-zlib=auto --enable-objc-gc=auto --enable-multiarch --enable-fix-cortex-a53-843419 --disable-werror --enable-checking=release --build=aarch64-linux-gnu --host=aarch64-linux-gnu --target=aarch64-linux-gnu
Thread model: posix
Supported LTO compression algorithms: zlib zstd
gcc version 12.2.0 (Debian 12.2.0-14+deb12u1) 
COMPILER_PATH=/usr/lib/gcc/aarch64-linux-gnu/12/:/usr/lib/gcc/aarch64-linux-gnu/12/:/usr/lib/gcc/aarch64-linux-gnu/:/usr/lib/gcc/aarch64-linux-gnu/12/:/usr/lib/gcc/aarch64-linux-gnu/
LIBRARY_PATH=/usr/lib/gcc/aarch64-linux-gnu/12/:/usr/lib/gcc/aarch64-linux-gnu/12/../../../aarch64-linux-gnu/:/usr/lib/gcc/aarch64-linux-gnu/12/../../../../lib/:/lib/aarch64-linux-gnu/:/lib/../lib/:/usr/lib/aarch64-linux-gnu/:/usr/lib/../lib/:/usr/lib/gcc/aarch64-linux-gnu/12/../../../:/lib/:/usr/lib/
COLLECT_GCC_OPTIONS='-v' '-o' 'cmTC_e4818' '-mlittle-endian' '-mabi=lp64' '-dumpdir' 'cmTC_e4818.'
 /usr/lib/gcc/aarch64-linux-gnu/12/collect2 -plugin /usr/lib/gcc/aarch64-linux-gnu/12/liblto_plugin.so -plugin-opt=/usr/lib/gcc/aarch64-linux-gnu/12/lto-wrapper -plugin-opt=-fresolution=/tmp/ccHMivOC.res -plugin-opt=-pass-through=-lgcc -plugin-opt=-pass-through=-lgcc_s -plugin-opt=-pass-through=-lc -plugin-opt=-pass-through=-lgcc -plugin-opt=-pass-through=-lgcc_s --build-id --eh-frame-hdr --hash-style=gnu --as-needed -dynamic-linker /lib/ld-linux-aarch64.so.1 -X -EL -maarch64linux --fix-cortex-a53-843419 -pie -o cmTC_e4818 /usr/lib/gcc/aarch64-linux-gnu/12/../../../aarch64-linux-gnu/Scrt1.o /usr/lib/gcc/aarch64-linux-gnu/12/../../../aarch64-linux-gnu/crti.o /usr/lib/gcc/aarch64-linux-gnu/12/crtbeginS.o -L/usr/lib/gcc/aarch64-linux-gnu/12 -L/usr/lib/gcc/aarch64-linux-gnu/12/../../../aarch64-linux-gnu -L/usr/lib/gcc/aarch64-linux-gnu/12/../../../../lib -L/lib/aarch64-linux-gnu -L/lib/../lib -L/usr/lib/aarch64-linux-gnu -L/usr/lib/../lib -L/usr/lib/gcc/aarch64-linux-gnu/12/../../.. CMakeFiles/cmTC_e4818.dir/CMakeCCompilerABI.c.o -lgcc --push-state --as-needed -lgcc_s --pop-state -lc -lgcc --push-state --as-needed -lgcc_s --pop-state /usr/lib/gcc/aarch64-linux-gnu/12/crtendS.o /usr/lib/gcc/aarch64-linux-gnu/12/../../../aarch64-linux-gnu/crtn.o
COLLECT_GCC_OPTIONS='-v' '-o' 'cmTC_e4818' '-mlittle-endian' '-mabi=lp64' '-dumpdir' 'cmTC_e4818.'
gmake[1]: Leaving directory '/home/exintegra/lab_scada/opc_server/build/CMakeFiles/CMakeScratch/TryCompile-7JHA1D'



Parsed C implicit include dir info from above output: rv=done
  found start of include info
  found start of implicit include info
    add: [/usr/lib/gcc/aarch64-linux-gnu/12/include]
    add: [/usr/local/include]
    add: [/usr/include/aarch64-linux-gnu]
    add: [/usr/include]
  end of search list found
  collapse include dir [/usr/lib/gcc/aarch64-linux-gnu/12/include] ==> [/usr/lib/gcc/aarch64-linux-gnu/12/include]
  collapse include dir [/usr/local/include] ==> [/usr/local/include]
  collapse include dir [/usr/include/aarch64-linux-gnu] ==> [/usr/include/aarch64-linux-gnu]
  collapse include dir [/usr/include] ==> [/usr/include]
  implicit include dirs: [/usr/lib/gcc/aarch64-linux-gnu/12/include;/usr/local/include;/usr/include/aarch64-linux-gnu;/usr/include]


Parsed C implicit link information from above output:
  link line regex: [^( *|.*[/\])(ld|CMAKE_LINK_STARTFILE-NOTFOUND|([^/\]+-)?ld|collect2)[^/\]*( |$)]
  ignore line: [Change Dir: /home/exintegra/lab_scada/opc_server/build/CMakeFiles/CMakeScratch/TryCompile-7JHA1D]
  ignore line: []
  ignore line: [Run Build Command(s):/usr/bin/gmake -f Makefile cmTC_e4818/fast && /usr/bin/gmake  -f CMakeFiles/cmTC_e4818.dir/build.make CMakeFiles/cmTC_e4818.dir/build]
  ignore line: [gmake[1]: Entering directory '/home/exintegra/lab_scada/opc_server/build/CMakeFiles/CMakeScratch/TryCompile-7JHA1D']
  ignore line: [Building C object CMakeFiles/cmTC_e4818.dir/CMakeCCompilerABI.c.o]
  ignore line: [/usr/bin/cc   -v -o CMakeFiles/cmTC_e4818.dir/CMakeCCompilerABI.c.o -c /usr/share/cmake-3.25/Modules/CMakeCCompilerABI.c]
  ignore line: [Using built-in specs.]
  ignore line: [COLLECT_GCC=/usr/bin/cc]
  ignore line: [Target: aarch64-linux-gnu]
  ignore line: [Configured with: ../src/configure -v --with-pkgversion='Debian 12.2.0-14+deb12u1' --with-bugurl=file:///usr/share/doc/gcc-12/README.Bugs --enable-languages=c ada c++ go d fortran objc obj-c++ m2 --prefix=/usr --with-gcc-major-version-only --program-suffix=-12 --program-prefix=aarch64-linux-gnu- --enable-shared --enable-linker-build-id --libexecdir=/usr/lib --without-included-gettext --enable-threads=posix --libdir=/usr/lib --enable-nls --enable-clocale=gnu --enable-libstdcxx-debug --enable-libstdcxx-time=yes --with-default-libstdcxx-abi=new --enable-gnu-unique-object --disable-libquadmath --disable-libquadmath-support --enable-plugin --enable-default-pie --with-system-zlib --enable-libphobos-checking=release --with-target-system-zlib=auto --enable-objc-gc=auto --enable-multiarch --enable-fix-cortex-a53-843419 --disable-werror --enable-checking=release --build=aarch64-linux-gnu --host=aarch64-linux-gnu --target=aarch64-linux-gnu]
  ignore line: [Thread model: posix]
  ignore line: [Supported LTO compression algorithms: zlib zstd]
  ignore line: [gcc version 12.2.0 (Debian 12.2.0-14+deb12u1) ]
  ignore line: [COLLECT_GCC_OPTIONS='-v' '-o' 'CMakeFiles/cmTC_e4818.dir/CMakeCCompilerABI.c.o' '-c' '-mlittle-endian' '-mabi=lp64' '-dumpdir' 'CMakeFiles/cmTC_e4818.dir/']
  ignore line: [ /usr/lib/gcc/aarch64-linux-gnu/12/cc1 -quiet -v -imultiarch aarch64-linux-gnu /usr/share/cmake-3.25/Modules/CMakeCCompilerABI.c -quiet -dumpdir CMakeFiles/cmTC_e4818.dir/ -dumpbase CMakeCCompilerABI.c.c -dumpbase-ext .c -mlittle-endian -mabi=lp64 -version -fasynchronous-unwind-tables -o /tmp/ccabm12D.s]
  ignore line: [GNU C17 (Debian 12.2.0-14+deb12u1) version 12.2.0 (aarch64-linux-gnu)]
  ignore line: [	compiled by GNU C version 12.2.0  GMP version 6.2.1  MPFR version 4.2.0  MPC version 1.3.1  isl version isl-0.25-GMP]
  ignore line: []
  ignore line: [GGC heuristics: --param ggc-min-expand=100 --param ggc-min-heapsize=131072]
  ignore line: [ignoring nonexistent directory "/usr/local/include/aarch64-linux-gnu"]
  ignore line: [ignoring nonexistent directory "/usr/lib/gcc/aarch64-linux-gnu/12/include-fixed"]
  ignore line: [ignoring nonexistent directory "/usr/lib/gcc/aarch64-linux-gnu/12/../../../../aarch64-linux-gnu/include"]
  ignore line: [#include "..." search starts here:]
  ignore line: [#include <...> search starts here:]
  ignore line: [ /usr/lib/gcc/aarch64-linux-gnu/12/include]
  ignore line: [ /usr/local/include]
  ignore line: [ /usr/include/aarch64-linux-gnu]
  ignore line: [ /usr/include]
  ignore line: [End of search list.]
  ignore line: [GNU C17 (Debian 12.2.0-14+deb12u1) version 12.2.0 (aarch64-linux-gnu)]
  ignore line: [	compiled by GNU C version 12.2.0  GMP version 6.2.1  MPFR version 4.2.0  MPC version 1.3.1  isl version isl-0.25-GMP]
  ignore line: []
  ignore line: [GGC heuristics: --param ggc-min-expand=100 --param ggc-min-heapsize=131072]
  ignore line: [Compiler executable checksum: 353d9f3bda0709922bce3bd32cc6f6a4]
  ignore line: [COLLECT_GCC_OPTIONS='-v' '-o' 'CMakeFiles/cmTC_e4818.dir/CMakeCCompilerABI.c.o' '-c' '-mlittle-endian' '-mabi=lp64' '-dumpdir' 'CMakeFiles/cmTC_e4818.dir/']
  ignore line: [ as -v -EL -mabi=lp64 -o CMakeFiles/cmTC_e4818.dir/CMakeCCompilerABI.c.o /tmp/ccabm12D.s]
  ignore line: [GNU assembler version 2.40 (aarch64-linux-gnu) using BFD version (GNU Binutils for Debian) 2.40]
  ignore line: [COMPILER_PATH=/usr/lib/gcc/aarch64-linux-gnu/12/:/usr/lib/gcc/aarch64-linux-gnu/12/:/usr/lib/gcc/aarch64-linux-gnu/:/usr/lib/gcc/aarch64-linux-gnu/12/:/usr/lib/gcc/aarch64-linux-gnu/]
  ignore line: [LIBRARY_PATH=/usr/lib/gcc/aarch64-linux-gnu/12/:/usr/lib/gcc/aarch64-linux-gnu/12/../../../aarch64-linux-gnu/:/usr/lib/gcc/aarch64-linux-gnu/12/../../../../lib/:/lib/aarch64-linux-gnu/:/lib/../lib/:/usr/lib/aarch64-linux-gnu/:/usr/lib/../lib/:/usr/lib/gcc/aarch64-linux-gnu/12/../../../:/lib/:/usr/lib/]
  ignore line: [COLLECT_GCC_OPTIONS='-v' '-o' 'CMakeFiles/cmTC_e4818.dir/CMakeCCompilerABI.c.o' '-c' '-mlittle-endian' '-mabi=lp64' '-dumpdir' 'CMakeFiles/cmTC_e4818.dir/CMakeCCompilerABI.c.']
  ignore line: [Linking C executable cmTC_e4818]
  ignore line: [/usr/bin/cmake -E cmake_link_script CMakeFiles/cmTC_e4818.dir/link.txt --verbose=1]
  ignore line: [/usr/bin/cc  -v CMakeFiles/cmTC_e4818.dir/CMakeCCompilerABI.c.o -o cmTC_e4818 ]
  ignore line: [Using built-in specs.]
  ignore line: [COLLECT_GCC=/usr/bin/cc]
  ignore line: [COLLECT_LTO_WRAPPER=/usr/lib/gcc/aarch64-linux-gnu/12/lto-wrapper]
  ignore line: [Target: aarch64-linux-gnu]
  ignore line: [Configured with: ../src/configure -v --with-pkgversion='Debian 12.2.0-14+deb12u1' --with-bugurl=file:///usr/share/doc/gcc-12/README.Bugs --enable-languages=c ada c++ go d fortran objc obj-c++ m2 --prefix=/usr --with-gcc-major-version-only --program-suffix=-12 --program-prefix=aarch64-linux-gnu- --enable-shared --enable-linker-build-id --libexecdir=/usr/lib --without-included-gettext --enable-threads=posix --libdir=/usr/lib --enable-nls --enable-clocale=gnu --enable-libstdcxx-debug --enable-libstdcxx-time=yes --with-default-libstdcxx-abi=new --enable-gnu-unique-object --disable-libquadmath --disable-libquadmath-support --enable-plugin --enable-default-pie --with-system-zlib --enable-libphobos-checking=release --with-target-system-zlib=auto --enable-objc-gc=auto --enable-multiarch --enable-fix-cortex-a53-843419 --disable-werror --enable-checking=release --build=aarch64-linux-gnu --host=aarch64-linux-gnu --target=aarch64-linux-gnu]
  ignore line: [Thread model: posix]
  ignore line: [Supported LTO compression algorithms: zlib zstd]
  ignore line: [gcc version 12.2.0 (Debian 12.2.0-14+deb12u1) ]
  ignore line: [COMPILER_PATH=/usr/lib/gcc/aarch64-linux-gnu/12/:/usr/lib/gcc/aarch64-linux-gnu/12/:/usr/lib/gcc/aarch64-linux-gnu/:/usr/lib/gcc/aarch64-linux-gnu/12/:/usr/lib/gcc/aarch64-linux-gnu/]
  ignore line: [LIBRARY_PATH=/usr/lib/gcc/aarch64-linux-gnu/12/:/usr/lib/gcc/aarch64-linux-gnu/12/../../../aarch64-linux-gnu/:/usr/lib/gcc/aarch64-linux-gnu/12/../../../../lib/:/lib/aarch64-linux-gnu/:/lib/../lib/:/usr/lib/aarch64-linux-gnu/:/usr/lib/../lib/:/usr/lib/gcc/aarch64-linux-gnu/12/../../../:/lib/:/usr/lib/]
  ignore line: [COLLECT_GCC_OPTIONS='-v' '-o' 'cmTC_e4818' '-mlittle-endian' '-mabi=lp64' '-dumpdir' 'cmTC_e4818.']
  link line: [ /usr/lib/gcc/aarch64-linux-gnu/12/collect2 -plugin /usr/lib/gcc/aarch64-linux-gnu/12/liblto_plugin.so -plugin-opt=/usr/lib/gcc/aarch64-linux-gnu/12/lto-wrapper -plugin-opt=-fresolution=/tmp/ccHMivOC.res -plugin-opt=-pass-through=-lgcc -plugin-opt=-pass-through=-lgcc_s -plugin-opt=-pass-through=-lc -plugin-opt=-pass-through=-lgcc -plugin-opt=-pass-through=-lgcc_s --build-id --eh-frame-hdr --hash-style=gnu --as-needed -dynamic-linker /lib/ld-linux-aarch64.so.1 -X -EL -maarch64linux --fix-cortex-a53-843419 -pie -o cmTC_e4818 /usr/lib/gcc/aarch64-linux-gnu/12/../../../aarch64-linux-gnu/Scrt1.o /usr/lib/gcc/aarch64-linux-gnu/12/../../../aarch64-linux-gnu/crti.o /usr/lib/gcc/aarch64-linux-gnu/12/crtbeginS.o -L/usr/lib/gcc/aarch64-linux-gnu/12 -L/usr/lib/gcc/aarch64-linux-gnu/12/../../../aarch64-linux-gnu -L/usr/lib/gcc/aarch64-linux-gnu/12/../../../../lib -L/lib/aarch64-linux-gnu -L/lib/../lib -L/usr/lib/aarch64-linux-gnu -L/usr/lib/../lib -L/usr/lib/gcc/aarch64-linux-gnu/12/../../.. CMakeFiles/cmTC_e4818.dir/CMakeCCompilerABI.c.o -lgcc --push-state --as-needed -lgcc_s --pop-state -lc -lgcc --push-state --as-needed -lgcc_s --pop-state /usr/lib/gcc/aarch64-linux-gnu/12/crtendS.o /usr/lib/gcc/aarch64-linux-gnu/12/../../../aarch64-linux-gnu/crtn.o]
    arg [/usr/lib/gcc/aarch64-linux-gnu/12/collect2] ==> ignore
    arg [-plugin] ==> ignore
    arg [/usr/lib/gcc/aarch64-linux-gnu/12/liblto_plugin.so] ==> ignore
    arg [-plugin-opt=/usr/lib/gcc/aarch64-linux-gnu/12/lto-wrapper] ==> ignore
    arg [-plugin-opt=-fresolution=/tmp/ccHMivOC.res] ==> ignore
    arg [-plugin-opt=-pass-through=-lgcc] ==> ignore
    arg [-plugin-opt=-pass-through=-lgcc_s] ==> ignore
    arg [-plugin-opt=-pass-through=-lc] ==> ignore
    arg [-plugin-opt=-pass-through=-lgcc] ==> ignore
    arg [-plugin-opt=-pass-through=-lgcc_s] ==> ignore
    arg [--build-id] ==> ignore
    arg [--eh-frame-hdr] ==> ignore
    arg [--hash-style=gnu] ==> ignore
    arg [--as-needed] ==> ignore
    arg [-dynamic-linker] ==> ignore
    arg [/lib/ld-linux-aarch64.so.1] ==> ignore
    arg [-X] ==> ignore
    arg [-EL] ==> ignore
    arg [-maarch64linux] ==> ignore
    arg [--fix-cortex-a53-843419] ==> ignore
    arg [-pie] ==> ignore
    arg [-o] ==> ignore
    arg [cmTC_e4818] ==> ignore
    arg [/usr/lib/gcc/aarch64-linux-gnu/12/../../../aarch64-linux-gnu/Scrt1.o] ==> obj [/usr/lib/gcc/aarch64-linux-gnu/12/../../../aarch64-linux-gnu/Scrt1.o]
    arg [/usr/lib/gcc/aarch64-linux-gnu/12/../../../aarch64-linux-gnu/crti.o] ==> obj [/usr/lib/gcc/aarch64-linux-gnu/12/../../../aarch64-linux-gnu/crti.o]
    arg [/usr/lib/gcc/aarch64-linux-gnu/12/crtbeginS.o] ==> obj [/usr/lib/gcc/aarch64-linux-gnu/12/crtbeginS.o]
    arg [-L/usr/lib/gcc/aarch64-linux-gnu/12] ==> dir [/usr/lib/gcc/aarch64-linux-gnu/12]
    arg [-L/usr/lib/gcc/aarch64-linux-gnu/12/../../../aarch64-linux-gnu] ==> dir [/usr/lib/gcc/aarch64-linux-gnu/12/../../../aarch64-linux-gnu]
    arg [-L/usr/lib/gcc/aarch64-linux-gnu/12/../../../../lib] ==> dir [/usr/lib/gcc/aarch64-linux-gnu/12/../../../../lib]
    arg [-L/lib/aarch64-linux-gnu] ==> dir [/lib/aarch64-linux-gnu]
    arg [-L/lib/../lib] ==> dir [/lib/../lib]
    arg [-L/usr/lib/aarch64-linux-gnu] ==> dir [/usr/lib/aarch64-linux-gnu]
    arg [-L/usr/lib/../lib] ==> dir [/usr/lib/../lib]
    arg [-L/usr/lib/gcc/aarch64-linux-gnu/12/../../..] ==> dir [/usr/lib/gcc/aarch64-linux-gnu/12/../../..]
    arg [CMakeFiles/cmTC_e4818.dir/CMakeCCompilerABI.c.o] ==> ignore
    arg [-lgcc] ==> lib [gcc]
    arg [--push-state] ==> ignore
    arg [--as-needed] ==> ignore
    arg [-lgcc_s] ==> lib [gcc_s]
    arg [--pop-state] ==> ignore
    arg [-lc] ==> lib [c]
    arg [-lgcc] ==> lib [gcc]
    arg [--push-state] ==> ignore
    arg [--as-needed] ==> ignore
    arg [-lgcc_s] ==> lib [gcc_s]
    arg [--pop-state] ==> ignore
    arg [/usr/lib/gcc/aarch64-linux-gnu/12/crtendS.o] ==> obj [/usr/lib/gcc/aarch64-linux-gnu/12/crtendS.o]
    arg [/usr/lib/gcc/aarch64-linux-gnu/12/../../../aarch64-linux-gnu/crtn.o] ==> obj [/usr/lib/gcc/aarch64-linux-gnu/12/../../../aarch64-linux-gnu/crtn.o]
  collapse obj [/usr/lib/gcc/aarch64-linux-gnu/12/../../../aarch64-linux-gnu/Scrt1.o] ==> [/usr/lib/aarch64-linux-gnu/Scrt1.o]
  collapse obj [/usr/lib/gcc/aarch64-linux-gnu/12/../../../aarch64-linux-gnu/crti.o] ==> [/usr/lib/aarch64-linux-gnu/crti.o]
  collapse obj [/usr/lib/gcc/aarch64-linux-gnu/12/../../../aarch64-linux-gnu/crtn.o] ==> [/usr/lib/aarch64-linux-gnu/crtn.o]
  collapse library dir [/usr/lib/gcc/aarch64-linux-gnu/12] ==> [/usr/lib/gcc/aarch64-linux-gnu/12]
  collapse library dir [/usr/lib/gcc/aarch64-linux-gnu/12/../../../aarch64-linux-gnu] ==> [/usr/lib/aarch64-linux-gnu]
  collapse library dir [/usr/lib/gcc/aarch64-linux-gnu/12/../../../../lib] ==> [/usr/lib]
  collapse library dir [/lib/aarch64-linux-gnu] ==> [/lib/aarch64-linux-gnu]
  collapse library dir [/lib/../lib] ==> [/lib]
  collapse library dir [/usr/lib/aarch64-linux-gnu] ==> [/usr/lib/aarch64-linux-gnu]
  collapse library dir [/usr/lib/../lib] ==> [/usr/lib]
  collapse library dir [/usr/lib/gcc/aarch64-linux-gnu/12/../../..] ==> [/usr/lib]
  implicit libs: [gcc;gcc_s;c;gcc;gcc_s]
  implicit objs: [/usr/lib/aarch64-linux-gnu/Scrt1.o;/usr/lib/aarch64-linux-gnu/crti.o;/usr/lib/gcc/aarch64-linux-gnu/12/crtbeginS.o;/usr/lib/gcc/aarch64-linux-gnu/12/crtendS.o;/usr/lib/aarch64-linux-gnu/crtn.o]
  implicit dirs: [/usr/lib/gcc/aarch64-linux-gnu/12;/usr/lib/aarch64-linux-gnu;/usr/lib;/lib/aarch64-linux-gnu;/lib]
  implicit fwks: []


Performing C SOURCE FILE Test flag_supported succeeded with the following output:
Change Dir: /home/exintegra/lab_scada/opc_server/build/CMakeFiles/CMakeScratch/TryCompile-6LI9Fm

Run Build Command(s):/usr/bin/gmake -f Makefile cmTC_aa668/fast && /usr/bin/gmake  -f CMakeFiles/cmTC_aa668.dir/build.make CMakeFiles/cmTC_aa668.dir/build
gmake[1]: Entering directory '/home/exintegra/lab_scada/opc_server/build/CMakeFiles/CMakeScratch/TryCompile-6LI9Fm'
Building C object CMakeFiles/cmTC_aa668.dir/src.c.o
/usr/bin/cc -Dflag_supported  -std=c99 -std=gnu99 -o CMakeFiles/cmTC_aa668.dir/src.c.o -c /home/exintegra/lab_scada/opc_server/build/CMakeFiles/CMakeScratch/TryCompile-6LI9Fm/src.c
Linking C executable cmTC_aa668
/usr/bin/cmake -E cmake_link_script CMakeFiles/cmTC_aa668.dir/link.txt --verbose=1
/usr/bin/cc CMakeFiles/cmTC_aa668.dir/src.c.o -o cmTC_aa668 
gmake[1]: Leaving directory '/home/exintegra/lab_scada/opc_server/build/CMakeFiles/CMakeScratch/TryCompile-6LI9Fm'


Source file was:
int main(void) { return 0; }

Performing C SOURCE FILE Test flag_supported succeeded with the following output:
Change Dir: /home/exintegra/lab_scada/opc_server/build/CMakeFiles/CMakeScratch/TryCompile-2dyhI5

Run Build Command(s):/usr/bin/gmake -f Makefile cmTC_3b9bb/fast && /usr/bin/gmake  -f CMakeFiles/cmTC_3b9bb.dir/build.make CMakeFiles/cmTC_3b9bb.dir/build
gmake[1]: Entering directory '/home/exintegra/lab_scada/opc_server/build/CMakeFiles/CMakeScratch/TryCompile-2dyhI5'
Building C object CMakeFiles/cmTC_3b9bb.dir/src.c.o
/usr/bin/cc -Dflag_supported  -std=c99    -pipe -std=gnu99 -o CMakeFiles/cmTC_3b9bb.dir/src.c.o -c /home/exintegra/lab_scada/opc_server/build/CMakeFiles/CMakeScratch/TryCompile-2dyhI5/src.c
Linking C executable cmTC_3b9bb
/usr/bin/cmake -E cmake_link_script CMakeFiles/cmTC_3b9bb.dir/link.txt --verbose=1
/usr/bin/cc  -std=c99  CMakeFiles/cmTC_3b9bb.dir/src.c.o -o cmTC_3b9bb 
gmake[1]: Leaving directory '/home/exintegra/lab_scada/opc_server/build/CMakeFiles/CMakeScratch/TryCompile-2dyhI5'


Source file was:
int main(void) { return 0; }

Performing C SOURCE FILE Test flag_supported succeeded with the following output:
Change Dir: /home/exintegra/lab_scada/opc_server/build/CMakeFiles/CMakeScratch/TryCompile-PjPNs7

Run Build Command(s):/usr/bin/gmake -f Makefile cmTC_2db7b/fast && /usr/bin/gmake  -f CMakeFiles/cmTC_2db7b.dir/build.make CMakeFiles/cmTC_2db7b.dir/build
gmake[1]: Entering directory '/home/exintegra/lab_scada/opc_server/build/CMakeFiles/CMakeScratch/TryCompile-PjPNs7'
Building C object CMakeFiles/cmTC_2db7b.dir/src.c.o
/usr/bin/cc -Dflag_supported  -std=c99 -pipe    -Wall -std=gnu99 -o CMakeFiles/cmTC_2db7b.dir/src.c.o -c /home/exintegra/lab_scada/opc_server/build/CMakeFiles/CMakeScratch/TryCompile-PjPNs7/src.c
Linking C executable cmTC_2db7b
/usr/bin/cmake -E cmake_link_script CMakeFiles/cmTC_2db7b.dir/link.txt --verbose=1
/usr/bin/cc  -std=c99 -pipe  CMakeFiles/cmTC_2db7b.dir/src.c.o -o cmTC_2db7b 
gmake[1]: Leaving directory '/home/exintegra/lab_scada/opc_server/build/CMakeFiles/CMakeScratch/TryCompile-PjPNs7'


Source file was:
int main(void) { return 0; }

Performing C SOURCE FILE Test flag_supported succeeded with the following output:
Change Dir: /home/exintegra/lab_scada/opc_server/build/CMakeFiles/CMakeScratch/TryCompile-oAtkxK

Run Build Command(s):/usr/bin/gmake -f Makefile cmTC_799de/fast && /usr/bin/gmake  -f CMakeFiles/cmTC_799de.dir/build.make CMakeFiles/cmTC_799de.dir/build
gmake[1]: Entering directory '/home/exintegra/lab_scada/opc_server/build/CMakeFiles/CMakeScratch/TryCompile-oAtkxK'
Building C object CMakeFiles/cmTC_799de.dir/src.c.o
/usr/bin/cc -Dflag_supported  -std=c99 -pipe -Wall    -Wextra -std=gnu99 -o CMakeFiles/cmTC_799de.dir/src.c.o -c /home/exintegra/lab_scada/opc_server/build/CMakeFiles/CMakeScratch/TryCompile-oAtkxK/src.c
Linking C executable cmTC_799de
/usr/bin/cmake -E cmake_link_script CMakeFiles/cmTC_799de.dir/link.txt --verbose=1
/usr/bin/cc  -std=c99 -pipe -Wall  CMakeFiles/cmTC_799de.dir/src.c.o -o cmTC_799de 
gmake[1]: Leaving directory '/home/exintegra/lab_scada/opc_server/build/CMakeFiles/CMakeScratch/TryCompile-oAtkxK'


Source file was:
int main(void) { return 0; }

Performing C SOURCE FILE Test flag_supported succeeded with the following output:
Change Dir: /home/exintegra/lab_scada/opc_server/build/CMakeFiles/CMakeScratch/TryCompile-reMuES

Run Build Command(s):/usr/bin/gmake -f Makefile cmTC_55aa8/fast && /usr/bin/gmake  -f CMakeFiles/cmTC_55aa8.dir/build.make CMakeFiles/cmTC_55aa8.dir/build
gmake[1]: Entering directory '/home/exintegra/lab_scada/opc_server/build/CMakeFiles/CMakeScratch/TryCompile-reMuES'
Building C object CMakeFiles/cmTC_55aa8.dir/src.c.o
/usr/bin/cc -Dflag_supported  -std=c99 -pipe -Wall -Wextra    -Wpedantic -std=gnu99 -o CMakeFiles/cmTC_55aa8.dir/src.c.o -c /home/exintegra/lab_scada/opc_server/build/CMakeFiles/CMakeScratch/TryCompile-reMuES/src.c
Linking C executable cmTC_55aa8
/usr/bin/cmake -E cmake_link_script CMakeFiles/cmTC_55aa8.dir/link.txt --verbose=1
/usr/bin/cc  -std=c99 -pipe -Wall -Wextra  CMakeFiles/cmTC_55aa8.dir/src.c.o -o cmTC_55aa8 
gmake[1]: Leaving directory '/home/exintegra/lab_scada/opc_server/build/CMakeFiles/CMakeScratch/TryCompile-reMuES'


Source file was:
int main(void) { return 0; }

Performing C SOURCE FILE Test flag_supported succeeded with the following output:
Change Dir: /home/exintegra/lab_scada/opc_server/build/CMakeFiles/CMakeScratch/TryCompile-G4Eyys

Run Build Command(s):/usr/bin/gmake -f Makefile cmTC_82d66/fast && /usr/bin/gmake  -f CMakeFiles/cmTC_82d66.dir/build.make CMakeFiles/cmTC_82d66.dir/build
gmake[1]: Entering directory '/home/exintegra/lab_scada/opc_server/build/CMakeFiles/CMakeScratch/TryCompile-G4Eyys'
Building C object CMakeFiles/cmTC_82d66.dir/src.c.o
/usr/bin/cc -Dflag_supported  -std=c99 -pipe -Wall -Wextra -Wpedantic    -Wno-unused-parameter -std=gnu99 -o CMakeFiles/cmTC_82d66.dir/src.c.o -c /home/exintegra/lab_scada/opc_server/build/CMakeFiles/CMakeScratch/TryCompile-G4Eyys/src.c
Linking C executable cmTC_82d66
/usr/bin/cmake -E cmake_link_script CMakeFiles/cmTC_82d66.dir/link.txt --verbose=1
/usr/bin/cc  -std=c99 -pipe -Wall -Wextra -Wpedantic  CMakeFiles/cmTC_82d66.dir/src.c.o -o cmTC_82d66 
gmake[1]: Leaving directory '/home/exintegra/lab_scada/opc_server/build/CMakeFiles/CMakeScratch/TryCompile-G4Eyys'


Source file was:
int main(void) { return 0; }

Performing C SOURCE FILE Test flag_supported succeeded with the following output:
Change Dir: /home/exintegra/lab_scada/opc_server/build/CMakeFiles/CMakeScratch/TryCompile-uFavC6

Run Build Command(s):/usr/bin/gmake -f Makefile cmTC_fb951/fast && /usr/bin/gmake  -f CMakeFiles/cmTC_fb951.dir/build.make CMakeFiles/cmTC_fb951.dir/build
gmake[1]: Entering directory '/home/exintegra/lab_scada/opc_server/build/CMakeFiles/CMakeScratch/TryCompile-uFavC6'
Building C object CMakeFiles/cmTC_fb951.dir/src.c.o
/usr/bin/cc -Dflag_supported  -std=c99 -pipe -Wall -Wextra -Wpedantic -Wno-unused-parameter    -Wno-overlength-strings -std=gnu99 -o CMakeFiles/cmTC_fb951.dir/src.c.o -c /home/exintegra/lab_scada/opc_server/build/CMakeFiles/CMakeScratch/TryCompile-uFavC6/src.c
Linking C executable cmTC_fb951
/usr/bin/cmake -E cmake_link_script CMakeFiles/cmTC_fb951.dir/link.txt --verbose=1
/usr/bin/cc  -std=c99 -pipe -Wall -Wextra -Wpedantic -Wno-unused-parameter  CMakeFiles/cmTC_fb951.dir/src.c.o -o cmTC_fb951 
gmake[1]: Leaving directory '/home/exintegra/lab_scada/opc_server/build/CMakeFiles/CMakeScratch/TryCompile-uFavC6'


Source file was:
int main(void) { return 0; }

Performing C SOURCE FILE Test flag_supported succeeded with the following output:
Change Dir: /home/exintegra/lab_scada/opc_server/build/CMakeFiles/CMakeScratch/TryCompile-NIoNXV

Run Build Command(s):/usr/bin/gmake -f Makefile cmTC_14bfd/fast && /usr/bin/gmake  -f CMakeFiles/cmTC_14bfd.dir/build.make CMakeFiles/cmTC_14bfd.dir/build
gmake[1]: Entering directory '/home/exintegra/lab_scada/opc_server/build/CMakeFiles/CMakeScratch/TryCompile-NIoNXV'
Building C object CMakeFiles/cmTC_14bfd.dir/src.c.o
/usr/bin/cc -Dflag_supported  -std=c99 -pipe -Wall -Wextra -Wpedantic -Wno-unused-parameter -Wno-overlength-strings    -Wc++-compat -std=gnu99 -o CMakeFiles/cmTC_14bfd.dir/src.c.o -c /home/exintegra/lab_scada/opc_server/build/CMakeFiles/CMakeScratch/TryCompile-NIoNXV/src.c
Linking C executable cmTC_14bfd
/usr/bin/cmake -E cmake_link_script CMakeFiles/cmTC_14bfd.dir/link.txt --verbose=1
/usr/bin/cc  -std=c99 -pipe -Wall -Wextra -Wpedantic -Wno-unused-parameter -Wno-overlength-strings  CMakeFiles/cmTC_14bfd.dir/src.c.o -o cmTC_14bfd 
gmake[1]: Leaving directory '/home/exintegra/lab_scada/opc_server/build/CMakeFiles/CMakeScratch/TryCompile-NIoNXV'


Source file was:
int main(void) { return 0; }

Performing C SOURCE FILE Test flag_supported succeeded with the following output:
Change Dir: /home/exintegra/lab_scada/opc_server/build/CMakeFiles/CMakeScratch/TryCompile-tdVY57

Run Build Command(s):/usr/bin/gmake -f Makefile cmTC_fbd76/fast && /usr/bin/gmake  -f CMakeFiles/cmTC_fbd76.dir/build.make CMakeFiles/cmTC_fbd76.dir/build
gmake[1]: Entering directory '/home/exintegra/lab_scada/opc_server/build/CMakeFiles/CMakeScratch/TryCompile-tdVY57'
Building C object CMakeFiles/cmTC_fbd76.dir/src.c.o
/usr/bin/cc -Dflag_supported  -std=c99 -pipe -Wall -Wextra -Wpedantic -Wno-unused-parameter -Wno-overlength-strings -Wc++-compat    -Wno-jump-misses-init -std=gnu99 -o CMakeFiles/cmTC_fbd76.dir/src.c.o -c /home/exintegra/lab_scada/opc_server/build/CMakeFiles/CMakeScratch/TryCompile-tdVY57/src.c
Linking C executable cmTC_fbd76
/usr/bin/cmake -E cmake_link_script CMakeFiles/cmTC_fbd76.dir/link.txt --verbose=1
/usr/bin/cc  -std=c99 -pipe -Wall -Wextra -Wpedantic -Wno-unused-parameter -Wno-overlength-strings -Wc++-compat  CMakeFiles/cmTC_fbd76.dir/src.c.o -o cmTC_fbd76 
gmake[1]: Leaving directory '/home/exintegra/lab_scada/opc_server/build/CMakeFiles/CMakeScratch/TryCompile-tdVY57'


Source file was:
int main(void) { return 0; }

Performing C SOURCE FILE Test flag_supported succeeded with the following output:
Change Dir: /home/exintegra/lab_scada/opc_server/build/CMakeFiles/CMakeScratch/TryCompile-IPQXXT

Run Build Command(s):/usr/bin/gmake -f Makefile cmTC_327a2/fast && /usr/bin/gmake  -f CMakeFiles/cmTC_327a2.dir/build.make CMakeFiles/cmTC_327a2.dir/build
gmake[1]: Entering directory '/home/exintegra/lab_scada/opc_server/build/CMakeFiles/CMakeScratch/TryCompile-IPQXXT'
Building C object CMakeFiles/cmTC_327a2.dir/src.c.o
/usr/bin/cc -Dflag_supported  -std=c99 -pipe -Wall -Wextra -Wpedantic -Wno-unused-parameter -Wno-overlength-strings -Wc++-compat -Wno-jump-misses-init    -Wformat -std=gnu99 -o CMakeFiles/cmTC_327a2.dir/src.c.o -c /home/exintegra/lab_scada/opc_server/build/CMakeFiles/CMakeScratch/TryCompile-IPQXXT/src.c
Linking C executable cmTC_327a2
/usr/bin/cmake -E cmake_link_script CMakeFiles/cmTC_327a2.dir/link.txt --verbose=1
/usr/bin/cc  -std=c99 -pipe -Wall -Wextra -Wpedantic -Wno-unused-parameter -Wno-overlength-strings -Wc++-compat -Wno-jump-misses-init  CMakeFiles/cmTC_327a2.dir/src.c.o -o cmTC_327a2 
gmake[1]: Leaving directory '/home/exintegra/lab_scada/opc_server/build/CMakeFiles/CMakeScratch/TryCompile-IPQXXT'


Source file was:
int main(void) { return 0; }

Performing C SOURCE FILE Test flag_supported succeeded with the following output:
Change Dir: /home/exintegra/lab_scada/opc_server/build/CMakeFiles/CMakeScratch/TryCompile-FroEFd

Run Build Command(s):/usr/bin/gmake -f Makefile cmTC_9dea7/fast && /usr/bin/gmake  -f CMakeFiles/cmTC_9dea7.dir/build.make CMakeFiles/cmTC_9dea7.dir/build
gmake[1]: Entering directory '/home/exintegra/lab_scada/opc_server/build/CMakeFiles/CMakeScratch/TryCompile-FroEFd'
Building C object CMakeFiles/cmTC_9dea7.dir/src.c.o
/usr/bin/cc -Dflag_supported  -std=c99 -pipe -Wall -Wextra -Wpedantic -Wno-unused-parameter -Wno-overlength-strings -Wc++-compat -Wno-jump-misses-init -Wformat    -Wformat-security -std=gnu99 -o CMakeFiles/cmTC_9dea7.dir/src.c.o -c /home/exintegra/lab_scada/opc_server/build/CMakeFiles/CMakeScratch/TryCompile-FroEFd/src.c
Linking C executable cmTC_9dea7
/usr/bin/cmake -E cmake_link_script CMakeFiles/cmTC_9dea7.dir/link.txt --verbose=1
/usr/bin/cc  -std=c99 -pipe -Wall -Wextra -Wpedantic -Wno-unused-parameter -Wno-overlength-strings -Wc++-compat -Wno-jump-misses-init -Wformat  CMakeFiles/cmTC_9dea7.dir/src.c.o -o cmTC_9dea7 
gmake[1]: Leaving directory '/home/exintegra/lab_scada/opc_server/build/CMakeFiles/CMakeScratch/TryCompile-FroEFd'


Source file was:
int main(void) { return 0; }

Performing C SOURCE FILE Test flag_supported succeeded with the following output:
Change Dir: /home/exintegra/lab_scada/opc_server/build/CMakeFiles/CMakeScratch/TryCompile-Oeu0SQ

Run Build Command(s):/usr/bin/gmake -f Makefile cmTC_db8db/fast && /usr/bin/gmake  -f CMakeFiles/cmTC_db8db.dir/build.make CMakeFiles/cmTC_db8db.dir/build
gmake[1]: Entering directory '/home/exintegra/lab_scada/opc_server/build/CMakeFiles/CMakeScratch/TryCompile-Oeu0SQ'
Building C object CMakeFiles/cmTC_db8db.dir/src.c.o
/usr/bin/cc -Dflag_supported  -std=c99 -pipe -Wall -Wextra -Wpedantic -Wno-unused-parameter -Wno-overlength-strings -Wc++-compat -Wno-jump-misses-init -Wformat -Wformat-security    -Wformat-nonliteral -std=gnu99 -o CMakeFiles/cmTC_db8db.dir/src.c.o -c /home/exintegra/lab_scada/opc_server/build/CMakeFiles/CMakeScratch/TryCompile-Oeu0SQ/src.c
Linking C executable cmTC_db8db
/usr/bin/cmake -E cmake_link_script CMakeFiles/cmTC_db8db.dir/link.txt --verbose=1
/usr/bin/cc  -std=c99 -pipe -Wall -Wextra -Wpedantic -Wno-unused-parameter -Wno-overlength-strings -Wc++-compat -Wno-jump-misses-init -Wformat -Wformat-security  CMakeFiles/cmTC_db8db.dir/src.c.o -o cmTC_db8db 
gmake[1]: Leaving directory '/home/exintegra/lab_scada/opc_server/build/CMakeFiles/CMakeScratch/TryCompile-Oeu0SQ'


Source file was:
int main(void) { return 0; }

Performing C SOURCE FILE Test flag_supported succeeded with the following output:
Change Dir: /home/exintegra/lab_scada/opc_server/build/CMakeFiles/CMakeScratch/TryCompile-oAPn5e

Run Build Command(s):/usr/bin/gmake -f Makefile cmTC_e6f11/fast && /usr/bin/gmake  -f CMakeFiles/cmTC_e6f11.dir/build.make CMakeFiles/cmTC_e6f11.dir/build
gmake[1]: Entering directory '/home/exintegra/lab_scada/opc_server/build/CMakeFiles/CMakeScratch/TryCompile-oAPn5e'
Building C object CMakeFiles/cmTC_e6f11.dir/src.c.o
/usr/bin/cc -Dflag_supported  -std=c99 -pipe -Wall -Wextra -Wpedantic -Wno-unused-parameter -Wno-overlength-strings -Wc++-compat -Wno-jump-misses-init -Wformat -Wformat-security -Wformat-nonliteral    -Wmissing-prototypes -std=gnu99 -o CMakeFiles/cmTC_e6f11.dir/src.c.o -c /home/exintegra/lab_scada/opc_server/build/CMakeFiles/CMakeScratch/TryCompile-oAPn5e/src.c
Linking C executable cmTC_e6f11
/usr/bin/cmake -E cmake_link_script CMakeFiles/cmTC_e6f11.dir/link.txt --verbose=1
/usr/bin/cc  -std=c99 -pipe -Wall -Wextra -Wpedantic -Wno-unused-parameter -Wno-overlength-strings -Wc++-compat -Wno-jump-misses-init -Wformat -Wformat-security -Wformat-nonliteral  CMakeFiles/cmTC_e6f11.dir/src.c.o -o cmTC_e6f11 
gmake[1]: Leaving directory '/home/exintegra/lab_scada/opc_server/build/CMakeFiles/CMakeScratch/TryCompile-oAPn5e'


Source file was:
int main(void) { return 0; }

Performing C SOURCE FILE Test flag_supported succeeded with the following output:
Change Dir: /home/exintegra/lab_scada/opc_server/build/CMakeFiles/CMakeScratch/TryCompile-OmpqYj

Run Build Command(s):/usr/bin/gmake -f Makefile cmTC_67620/fast && /usr/bin/gmake  -f CMakeFiles/cmTC_67620.dir/build.make CMakeFiles/cmTC_67620.dir/build
gmake[1]: Entering directory '/home/exintegra/lab_scada/opc_server/build/CMakeFiles/CMakeScratch/TryCompile-OmpqYj'
Building C object CMakeFiles/cmTC_67620.dir/src.c.o
/usr/bin/cc -Dflag_supported  -std=c99 -pipe -Wall -Wextra -Wpedantic -Wno-unused-parameter -Wno-overlength-strings -Wc++-compat -Wno-jump-misses-init -Wformat -Wformat-security -Wformat-nonliteral -Wmissing-prototypes    -Wstrict-prototypes -std=gnu99 -o CMakeFiles/cmTC_67620.dir/src.c.o -c /home/exintegra/lab_scada/opc_server/build/CMakeFiles/CMakeScratch/TryCompile-OmpqYj/src.c
Linking C executable cmTC_67620
/usr/bin/cmake -E cmake_link_script CMakeFiles/cmTC_67620.dir/link.txt --verbose=1
/usr/bin/cc  -std=c99 -pipe -Wall -Wextra -Wpedantic -Wno-unused-parameter -Wno-overlength-strings -Wc++-compat -Wno-jump-misses-init -Wformat -Wformat-security -Wformat-nonliteral -Wmissing-prototypes  CMakeFiles/cmTC_67620.dir/src.c.o -o cmTC_67620 
gmake[1]: Leaving directory '/home/exintegra/lab_scada/opc_server/build/CMakeFiles/CMakeScratch/TryCompile-OmpqYj'


Source file was:
int main(void) { return 0; }

Performing C SOURCE FILE Test flag_supported succeeded with the following output:
Change Dir: /home/exintegra/lab_scada/opc_server/build/CMakeFiles/CMakeScratch/TryCompile-OhLezL

Run Build Command(s):/usr/bin/gmake -f Makefile cmTC_22696/fast && /usr/bin/gmake  -f CMakeFiles/cmTC_22696.dir/build.make CMakeFiles/cmTC_22696.dir/build
gmake[1]: Entering directory '/home/exintegra/lab_scada/opc_server/build/CMakeFiles/CMakeScratch/TryCompile-OhLezL'
Building C object CMakeFiles/cmTC_22696.dir/src.c.o
/usr/bin/cc -Dflag_supported  -std=c99 -pipe -Wall -Wextra -Wpedantic -Wno-unused-parameter -Wno-overlength-strings -Wc++-compat -Wno-jump-misses-init -Wformat -Wformat-security -Wformat-nonliteral -Wmissing-prototypes -Wstrict-prototypes    -Wredundant-decls -std=gnu99 -o CMakeFiles/cmTC_22696.dir/src.c.o -c /home/exintegra/lab_scada/opc_server/build/CMakeFiles/CMakeScratch/TryCompile-OhLezL/src.c
Linking C executable cmTC_22696
/usr/bin/cmake -E cmake_link_script CMakeFiles/cmTC_22696.dir/link.txt --verbose=1
/usr/bin/cc  -std=c99 -pipe -Wall -Wextra -Wpedantic -Wno-unused-parameter -Wno-overlength-strings -Wc++-compat -Wno-jump-misses-init -Wformat -Wformat-security -Wformat-nonliteral -Wmissing-prototypes -Wstrict-prototypes  CMakeFiles/cmTC_22696.dir/src.c.o -o cmTC_22696 
gmake[1]: Leaving directory '/home/exintegra/lab_scada/opc_server/build/CMakeFiles/CMakeScratch/TryCompile-OhLezL'


Source file was:
int main(void) { return 0; }

Performing C SOURCE FILE Test flag_supported succeeded with the following output:
Change Dir: /home/exintegra/lab_scada/opc_server/build/CMakeFiles/CMakeScratch/TryCompile-AI0Lsz

Run Build Command(s):/usr/bin/gmake -f Makefile cmTC_506b2/fast && /usr/bin/gmake  -f CMakeFiles/cmTC_506b2.dir/build.make CMakeFiles/cmTC_506b2.dir/build
gmake[1]: Entering directory '/home/exintegra/lab_scada/opc_server/build/CMakeFiles/CMakeScratch/TryCompile-AI0Lsz'
Building C object CMakeFiles/cmTC_506b2.dir/src.c.o
/usr/bin/cc -Dflag_supported  -std=c99 -pipe -Wall -Wextra -Wpedantic -Wno-unused-parameter -Wno-overlength-strings -Wc++-compat -Wno-jump-misses-init -Wformat -Wformat-security -Wformat-nonliteral -Wmissing-prototypes -Wstrict-prototypes -Wredundant-decls    -Wuninitialized -std=gnu99 -o CMakeFiles/cmTC_506b2.dir/src.c.o -c /home/exintegra/lab_scada/opc_server/build/CMakeFiles/CMakeScratch/TryCompile-AI0Lsz/src.c
Linking C executable cmTC_506b2
/usr/bin/cmake -E cmake_link_script CMakeFiles/cmTC_506b2.dir/link.txt --verbose=1
/usr/bin/cc  -std=c99 -pipe -Wall -Wextra -Wpedantic -Wno-unused-parameter -Wno-overlength-strings -Wc++-compat -Wno-jump-misses-init -Wformat -Wformat-security -Wformat-nonliteral -Wmissing-prototypes -Wstrict-prototypes -Wredundant-decls  CMakeFiles/cmTC_506b2.dir/src.c.o -o cmTC_506b2 
gmake[1]: Leaving directory '/home/exintegra/lab_scada/opc_server/build/CMakeFiles/CMakeScratch/TryCompile-AI0Lsz'


Source file was:
int main(void) { return 0; }

Performing C SOURCE FILE Test flag_supported succeeded with the following output:
Change Dir: /home/exintegra/lab_scada/opc_server/build/CMakeFiles/CMakeScratch/TryCompile-oroFrD

Run Build Command(s):/usr/bin/gmake -f Makefile cmTC_39ee1/fast && /usr/bin/gmake  -f CMakeFiles/cmTC_39ee1.dir/build.make CMakeFiles/cmTC_39ee1.dir/build
gmake[1]: Entering directory '/home/exintegra/lab_scada/opc_server/build/CMakeFiles/CMakeScratch/TryCompile-oroFrD'
Building C object CMakeFiles/cmTC_39ee1.dir/src.c.o
/usr/bin/cc -Dflag_supported  -std=c99 -pipe -Wall -Wextra -Wpedantic -Wno-unused-parameter -Wno-overlength-strings -Wc++-compat -Wno-jump-misses-init -Wformat -Wformat-security -Wformat-nonliteral -Wmissing-prototypes -Wstrict-prototypes -Wredundant-decls -Wuninitialized    -Winit-self -std=gnu99 -o CMakeFiles/cmTC_39ee1.dir/src.c.o -c /home/exintegra/lab_scada/opc_server/build/CMakeFiles/CMakeScratch/TryCompile-oroFrD/src.c
Linking C executable cmTC_39ee1
/usr/bin/cmake -E cmake_link_script CMakeFiles/cmTC_39ee1.dir/link.txt --verbose=1
/usr/bin/cc  -std=c99 -pipe -Wall -Wextra -Wpedantic -Wno-unused-parameter -Wno-overlength-strings -Wc++-compat -Wno-jump-misses-init -Wformat -Wformat-security -Wformat-nonliteral -Wmissing-prototypes -Wstrict-prototypes -Wredundant-decls -Wuninitialized  CMakeFiles/cmTC_39ee1.dir/src.c.o -o cmTC_39ee1 
gmake[1]: Leaving directory '/home/exintegra/lab_scada/opc_server/build/CMakeFiles/CMakeScratch/TryCompile-oroFrD'


Source file was:
int main(void) { return 0; }

Performing C SOURCE FILE Test flag_supported succeeded with the following output:
Change Dir: /home/exintegra/lab_scada/opc_server/build/CMakeFiles/CMakeScratch/TryCompile-Ymar1j

Run Build Command(s):/usr/bin/gmake -f Makefile cmTC_9a737/fast && /usr/bin/gmake  -f CMakeFiles/cmTC_9a737.dir/build.make CMakeFiles/cmTC_9a737.dir/build
gmake[1]: Entering directory '/home/exintegra/lab_scada/opc_server/build/CMakeFiles/CMakeScratch/TryCompile-Ymar1j'
Building C object CMakeFiles/cmTC_9a737.dir/src.c.o
/usr/bin/cc -Dflag_supported  -std=c99 -pipe -Wall -Wextra -Wpedantic -Wno-unused-parameter -Wno-overlength-strings -Wc++-compat -Wno-jump-misses-init -Wformat -Wformat-security -Wformat-nonliteral -Wmissing-prototypes -Wstrict-prototypes -Wredundant-decls -Wuninitialized -Winit-self    -Wcast-qual -std=gnu99 -o CMakeFiles/cmTC_9a737.dir/src.c.o -c /home/exintegra/lab_scada/opc_server/build/CMakeFiles/CMakeScratch/TryCompile-Ymar1j/src.c
Linking C executable cmTC_9a737
/usr/bin/cmake -E cmake_link_script CMakeFiles/cmTC_9a737.dir/link.txt --verbose=1
/usr/bin/cc  -std=c99 -pipe -Wall -Wextra -Wpedantic -Wno-unused-parameter -Wno-overlength-strings -Wc++-compat -Wno-jump-misses-init -Wformat -Wformat-security -Wformat-nonliteral -Wmissing-prototypes -Wstrict-prototypes -Wredundant-decls -Wuninitialized -Winit-self  CMakeFiles/cmTC_9a737.dir/src.c.o -o cmTC_9a737 
gmake[1]: Leaving directory '/home/exintegra/lab_scada/opc_server/build/CMakeFiles/CMakeScratch/TryCompile-Ymar1j'


Source file was:
int main(void) { return 0; }

Performing C SOURCE FILE Test flag_supported succeeded with the following output:
Change Dir: /home/exintegra/lab_scada/opc_server/build/CMakeFiles/CMakeScratch/TryCompile-hMweUM

Run Build Command(s):/usr/bin/gmake -f Makefile cmTC_25e34/fast && /usr/bin/gmake  -f CMakeFiles/cmTC_25e34.dir/build.make CMakeFiles/cmTC_25e34.dir/build
gmake[1]: Entering directory '/home/exintegra/lab_scada/opc_server/build/CMakeFiles/CMakeScratch/TryCompile-hMweUM'
Building C object CMakeFiles/cmTC_25e34.dir/src.c.o
/usr/bin/cc -Dflag_supported  -std=c99 -pipe -Wall -Wextra -Wpedantic -Wno-unused-parameter -Wno-overlength-strings -Wc++-compat -Wno-jump-misses-init -Wformat -Wformat-security -Wformat-nonliteral -Wmissing-prototypes -Wstrict-prototypes -Wredundant-decls -Wuninitialized -Winit-self -Wcast-qual    -Wstrict-overflow -std=gnu99 -o CMakeFiles/cmTC_25e34.dir/src.c.o -c /home/exintegra/lab_scada/opc_server/build/CMakeFiles/CMakeScratch/TryCompile-hMweUM/src.c
Linking C executable cmTC_25e34
/usr/bin/cmake -E cmake_link_script CMakeFiles/cmTC_25e34.dir/link.txt --verbose=1
/usr/bin/cc  -std=c99 -pipe -Wall -Wextra -Wpedantic -Wno-unused-parameter -Wno-overlength-strings -Wc++-compat -Wno-jump-misses-init -Wformat -Wformat-security -Wformat-nonliteral -Wmissing-prototypes -Wstrict-prototypes -Wredundant-decls -Wuninitialized -Winit-self -Wcast-qual  CMakeFiles/cmTC_25e34.dir/src.c.o -o cmTC_25e34 
gmake[1]: Leaving directory '/home/exintegra/lab_scada/opc_server/build/CMakeFiles/CMakeScratch/TryCompile-hMweUM'


Source file was:
int main(void) { return 0; }

Performing C SOURCE FILE Test flag_supported succeeded with the following output:
Change Dir: /home/exintegra/lab_scada/opc_server/build/CMakeFiles/CMakeScratch/TryCompile-kyknby

Run Build Command(s):/usr/bin/gmake -f Makefile cmTC_ae057/fast && /usr/bin/gmake  -f CMakeFiles/cmTC_ae057.dir/build.make CMakeFiles/cmTC_ae057.dir/build
gmake[1]: Entering directory '/home/exintegra/lab_scada/opc_server/build/CMakeFiles/CMakeScratch/TryCompile-kyknby'
Building C object CMakeFiles/cmTC_ae057.dir/src.c.o
/usr/bin/cc -Dflag_supported  -std=c99 -pipe -Wall -Wextra -Wpedantic -Wno-unused-parameter -Wno-overlength-strings -Wc++-compat -Wno-jump-misses-init -Wformat -Wformat-security -Wformat-nonliteral -Wmissing-prototypes -Wstrict-prototypes -Wredundant-decls -Wuninitialized -Winit-self -Wcast-qual -Wstrict-overflow    -Wnested-externs -std=gnu99 -o CMakeFiles/cmTC_ae057.dir/src.c.o -c /home/exintegra/lab_scada/opc_server/build/CMakeFiles/CMakeScratch/TryCompile-kyknby/src.c
Linking C executable cmTC_ae057
/usr/bin/cmake -E cmake_link_script CMakeFiles/cmTC_ae057.dir/link.txt --verbose=1
/usr/bin/cc  -std=c99 -pipe -Wall -Wextra -Wpedantic -Wno-unused-parameter -Wno-overlength-strings -Wc++-compat -Wno-jump-misses-init -Wformat -Wformat-security -Wformat-nonliteral -Wmissing-prototypes -Wstrict-prototypes -Wredundant-decls -Wuninitialized -Winit-self -Wcast-qual -Wstrict-overflow  CMakeFiles/cmTC_ae057.dir/src.c.o -o cmTC_ae057 
gmake[1]: Leaving directory '/home/exintegra/lab_scada/opc_server/build/CMakeFiles/CMakeScratch/TryCompile-kyknby'


Source file was:
int main(void) { return 0; }

Performing C SOURCE FILE Test flag_supported succeeded with the following output:
Change Dir: /home/exintegra/lab_scada/opc_server/build/CMakeFiles/CMakeScratch/TryCompile-l0E4oT

Run Build Command(s):/usr/bin/gmake -f Makefile cmTC_d2f24/fast && /usr/bin/gmake  -f CMakeFiles/cmTC_d2f24.dir/build.make CMakeFiles/cmTC_d2f24.dir/build
gmake[1]: Entering directory '/home/exintegra/lab_scada/opc_server/build/CMakeFiles/CMakeScratch/TryCompile-l0E4oT'
Building C object CMakeFiles/cmTC_d2f24.dir/src.c.o
/usr/bin/cc -Dflag_supported  -std=c99 -pipe -Wall -Wextra -Wpedantic -Wno-unused-parameter -Wno-overlength-strings -Wc++-compat -Wno-jump-misses-init -Wformat -Wformat-security -Wformat-nonliteral -Wmissing-prototypes -Wstrict-prototypes -Wredundant-decls -Wuninitialized -Winit-self -Wcast-qual -Wstrict-overflow -Wnested-externs    -Wmultichar -std=gnu99 -o CMakeFiles/cmTC_d2f24.dir/src.c.o -c /home/exintegra/lab_scada/opc_server/build/CMakeFiles/CMakeScratch/TryCompile-l0E4oT/src.c
Linking C executable cmTC_d2f24
/usr/bin/cmake -E cmake_link_script CMakeFiles/cmTC_d2f24.dir/link.txt --verbose=1
/usr/bin/cc  -std=c99 -pipe -Wall -Wextra -Wpedantic -Wno-unused-parameter -Wno-overlength-strings -Wc++-compat -Wno-jump-misses-init -Wformat -Wformat-security -Wformat-nonliteral -Wmissing-prototypes -Wstrict-prototypes -Wredundant-decls -Wuninitialized -Winit-self -Wcast-qual -Wstrict-overflow -Wnested-externs  CMakeFiles/cmTC_d2f24.dir/src.c.o -o cmTC_d2f24 
gmake[1]: Leaving directory '/home/exintegra/lab_scada/opc_server/build/CMakeFiles/CMakeScratch/TryCompile-l0E4oT'


Source file was:
int main(void) { return 0; }

Performing C SOURCE FILE Test flag_supported succeeded with the following output:
Change Dir: /home/exintegra/lab_scada/opc_server/build/CMakeFiles/CMakeScratch/TryCompile-jYkqli

Run Build Command(s):/usr/bin/gmake -f Makefile cmTC_1f821/fast && /usr/bin/gmake  -f CMakeFiles/cmTC_1f821.dir/build.make CMakeFiles/cmTC_1f821.dir/build
gmake[1]: Entering directory '/home/exintegra/lab_scada/opc_server/build/CMakeFiles/CMakeScratch/TryCompile-jYkqli'
Building C object CMakeFiles/cmTC_1f821.dir/src.c.o
/usr/bin/cc -Dflag_supported  -std=c99 -pipe -Wall -Wextra -Wpedantic -Wno-unused-parameter -Wno-overlength-strings -Wc++-compat -Wno-jump-misses-init -Wformat -Wformat-security -Wformat-nonliteral -Wmissing-prototypes -Wstrict-prototypes -Wredundant-decls -Wuninitialized -Winit-self -Wcast-qual -Wstrict-overflow -Wnested-externs -Wmultichar    -Wundef -std=gnu99 -o CMakeFiles/cmTC_1f821.dir/src.c.o -c /home/exintegra/lab_scada/opc_server/build/CMakeFiles/CMakeScratch/TryCompile-jYkqli/src.c
Linking C executable cmTC_1f821
/usr/bin/cmake -E cmake_link_script CMakeFiles/cmTC_1f821.dir/link.txt --verbose=1
/usr/bin/cc  -std=c99 -pipe -Wall -Wextra -Wpedantic -Wno-unused-parameter -Wno-overlength-strings -Wc++-compat -Wno-jump-misses-init -Wformat -Wformat-security -Wformat-nonliteral -Wmissing-prototypes -Wstrict-prototypes -Wredundant-decls -Wuninitialized -Winit-self -Wcast-qual -Wstrict-overflow -Wnested-externs -Wmultichar  CMakeFiles/cmTC_1f821.dir/src.c.o -o cmTC_1f821 
gmake[1]: Leaving directory '/home/exintegra/lab_scada/opc_server/build/CMakeFiles/CMakeScratch/TryCompile-jYkqli'


Source file was:
int main(void) { return 0; }

Performing C SOURCE FILE Test flag_supported succeeded with the following output:
Change Dir: /home/exintegra/lab_scada/opc_server/build/CMakeFiles/CMakeScratch/TryCompile-R0NPSO

Run Build Command(s):/usr/bin/gmake -f Makefile cmTC_fb36e/fast && /usr/bin/gmake  -f CMakeFiles/cmTC_fb36e.dir/build.make CMakeFiles/cmTC_fb36e.dir/build
gmake[1]: Entering directory '/home/exintegra/lab_scada/opc_server/build/CMakeFiles/CMakeScratch/TryCompile-R0NPSO'
Building C object CMakeFiles/cmTC_fb36e.dir/src.c.o
/usr/bin/cc -Dflag_supported  -std=c99 -pipe -Wall -Wextra -Wpedantic -Wno-unused-parameter -Wno-overlength-strings -Wc++-compat -Wno-jump-misses-init -Wformat -Wformat-security -Wformat-nonliteral -Wmissing-prototypes -Wstrict-prototypes -Wredundant-decls -Wuninitialized -Winit-self -Wcast-qual -Wstrict-overflow -Wnested-externs -Wmultichar -Wundef    -fno-strict-aliasing -std=gnu99 -o CMakeFiles/cmTC_fb36e.dir/src.c.o -c /home/exintegra/lab_scada/opc_server/build/CMakeFiles/CMakeScratch/TryCompile-R0NPSO/src.c
Linking C executable cmTC_fb36e
/usr/bin/cmake -E cmake_link_script CMakeFiles/cmTC_fb36e.dir/link.txt --verbose=1
/usr/bin/cc  -std=c99 -pipe -Wall -Wextra -Wpedantic -Wno-unused-parameter -Wno-overlength-strings -Wc++-compat -Wno-jump-misses-init -Wformat -Wformat-security -Wformat-nonliteral -Wmissing-prototypes -Wstrict-prototypes -Wredundant-decls -Wuninitialized -Winit-self -Wcast-qual -Wstrict-overflow -Wnested-externs -Wmultichar -Wundef  CMakeFiles/cmTC_fb36e.dir/src.c.o -o cmTC_fb36e 
gmake[1]: Leaving directory '/home/exintegra/lab_scada/opc_server/build/CMakeFiles/CMakeScratch/TryCompile-R0NPSO'


Source file was:
int main(void) { return 0; }

Performing C SOURCE FILE Test flag_supported succeeded with the following output:
Change Dir: /home/exintegra/lab_scada/opc_server/build/CMakeFiles/CMakeScratch/TryCompile-Bn3bbo

Run Build Command(s):/usr/bin/gmake -f Makefile cmTC_1952b/fast && /usr/bin/gmake  -f CMakeFiles/cmTC_1952b.dir/build.make CMakeFiles/cmTC_1952b.dir/build
gmake[1]: Entering directory '/home/exintegra/lab_scada/opc_server/build/CMakeFiles/CMakeScratch/TryCompile-Bn3bbo'
Building C object CMakeFiles/cmTC_1952b.dir/src.c.o
/usr/bin/cc -Dflag_supported  -std=c99 -pipe -Wall -Wextra -Wpedantic -Wno-unused-parameter -Wno-overlength-strings -Wc++-compat -Wno-jump-misses-init -Wformat -Wformat-security -Wformat-nonliteral -Wmissing-prototypes -Wstrict-prototypes -Wredundant-decls -Wuninitialized -Winit-self -Wcast-qual -Wstrict-overflow -Wnested-externs -Wmultichar -Wundef -fno-strict-aliasing    -fexceptions -std=gnu99 -o CMakeFiles/cmTC_1952b.dir/src.c.o -c /home/exintegra/lab_scada/opc_server/build/CMakeFiles/CMakeScratch/TryCompile-Bn3bbo/src.c
Linking C executable cmTC_1952b
/usr/bin/cmake -E cmake_link_script CMakeFiles/cmTC_1952b.dir/link.txt --verbose=1
/usr/bin/cc  -std=c99 -pipe -Wall -Wextra -Wpedantic -Wno-unused-parameter -Wno-overlength-strings -Wc++-compat -Wno-jump-misses-init -Wformat -Wformat-security -Wformat-nonliteral -Wmissing-prototypes -Wstrict-prototypes -Wredundant-decls -Wuninitialized -Winit-self -Wcast-qual -Wstrict-overflow -Wnested-externs -Wmultichar -Wundef -fno-strict-aliasing  CMakeFiles/cmTC_1952b.dir/src.c.o -o cmTC_1952b 
gmake[1]: Leaving directory '/home/exintegra/lab_scada/opc_server/build/CMakeFiles/CMakeScratch/TryCompile-Bn3bbo'


Source file was:
int main(void) { return 0; }

Performing C SOURCE FILE Test flag_supported succeeded with the following output:
Change Dir: /home/exintegra/lab_scada/opc_server/build/CMakeFiles/CMakeScratch/TryCompile-N23oDi

Run Build Command(s):/usr/bin/gmake -f Makefile cmTC_097e2/fast && /usr/bin/gmake  -f CMakeFiles/cmTC_097e2.dir/build.make CMakeFiles/cmTC_097e2.dir/build
gmake[1]: Entering directory '/home/exintegra/lab_scada/opc_server/build/CMakeFiles/CMakeScratch/TryCompile-N23oDi'
Building C object CMakeFiles/cmTC_097e2.dir/src.c.o
/usr/bin/cc -Dflag_supported  -std=c99 -pipe -Wall -Wextra -Wpedantic -Wno-unused-parameter -Wno-overlength-strings -Wc++-compat -Wno-jump-misses-init -Wformat -Wformat-security -Wformat-nonliteral -Wmissing-prototypes -Wstrict-prototypes -Wredundant-decls -Wuninitialized -Winit-self -Wcast-qual -Wstrict-overflow -Wnested-externs -Wmultichar -Wundef -fno-strict-aliasing -fexceptions    -ffunction-sections -std=gnu99 -o CMakeFiles/cmTC_097e2.dir/src.c.o -c /home/exintegra/lab_scada/opc_server/build/CMakeFiles/CMakeScratch/TryCompile-N23oDi/src.c
Linking C executable cmTC_097e2
/usr/bin/cmake -E cmake_link_script CMakeFiles/cmTC_097e2.dir/link.txt --verbose=1
/usr/bin/cc  -std=c99 -pipe -Wall -Wextra -Wpedantic -Wno-unused-parameter -Wno-overlength-strings -Wc++-compat -Wno-jump-misses-init -Wformat -Wformat-security -Wformat-nonliteral -Wmissing-prototypes -Wstrict-prototypes -Wredundant-decls -Wuninitialized -Winit-self -Wcast-qual -Wstrict-overflow -Wnested-externs -Wmultichar -Wundef -fno-strict-aliasing -fexceptions  CMakeFiles/cmTC_097e2.dir/src.c.o -o cmTC_097e2 
gmake[1]: Leaving directory '/home/exintegra/lab_scada/opc_server/build/CMakeFiles/CMakeScratch/TryCompile-N23oDi'


Source file was:
int main(void) { return 0; }

Performing C SOURCE FILE Test flag_supported succeeded with the following output:
Change Dir: /home/exintegra/lab_scada/opc_server/build/CMakeFiles/CMakeScratch/TryCompile-gMju9n

Run Build Command(s):/usr/bin/gmake -f Makefile cmTC_b351f/fast && /usr/bin/gmake  -f CMakeFiles/cmTC_b351f.dir/build.make CMakeFiles/cmTC_b351f.dir/build
gmake[1]: Entering directory '/home/exintegra/lab_scada/opc_server/build/CMakeFiles/CMakeScratch/TryCompile-gMju9n'
Building C object CMakeFiles/cmTC_b351f.dir/src.c.o
/usr/bin/cc -Dflag_supported  -std=c99 -pipe -Wall -Wextra -Wpedantic -Wno-unused-parameter -Wno-overlength-strings -Wc++-compat -Wno-jump-misses-init -Wformat -Wformat-security -Wformat-nonliteral -Wmissing-prototypes -Wstrict-prototypes -Wredundant-decls -Wuninitialized -Winit-self -Wcast-qual -Wstrict-overflow -Wnested-externs -Wmultichar -Wundef -fno-strict-aliasing -fexceptions -ffunction-sections    -fdata-sections -std=gnu99 -o CMakeFiles/cmTC_b351f.dir/src.c.o -c /home/exintegra/lab_scada/opc_server/build/CMakeFiles/CMakeScratch/TryCompile-gMju9n/src.c
Linking C executable cmTC_b351f
/usr/bin/cmake -E cmake_link_script CMakeFiles/cmTC_b351f.dir/link.txt --verbose=1
/usr/bin/cc  -std=c99 -pipe -Wall -Wextra -Wpedantic -Wno-unused-parameter -Wno-overlength-strings -Wc++-compat -Wno-jump-misses-init -Wformat -Wformat-security -Wformat-nonliteral -Wmissing-prototypes -Wstrict-prototypes -Wredundant-decls -Wuninitialized -Winit-self -Wcast-qual -Wstrict-overflow -Wnested-externs -Wmultichar -Wundef -fno-strict-aliasing -fexceptions -ffunction-sections  CMakeFiles/cmTC_b351f.dir/src.c.o -o cmTC_b351f 
gmake[1]: Leaving directory '/home/exintegra/lab_scada/opc_server/build/CMakeFiles/CMakeScratch/TryCompile-gMju9n'


Source file was:
int main(void) { return 0; }

Performing C SOURCE FILE Test flag_supported succeeded with the following output:
Change Dir: /home/exintegra/lab_scada/opc_server/build/CMakeFiles/CMakeScratch/TryCompile-64HCB9

Run Build Command(s):/usr/bin/gmake -f Makefile cmTC_62e33/fast && /usr/bin/gmake  -f CMakeFiles/cmTC_62e33.dir/build.make CMakeFiles/cmTC_62e33.dir/build
gmake[1]: Entering directory '/home/exintegra/lab_scada/opc_server/build/CMakeFiles/CMakeScratch/TryCompile-64HCB9'
Building C object CMakeFiles/cmTC_62e33.dir/src.c.o
/usr/bin/cc -Dflag_supported  -std=c99 -pipe -Wall -Wextra -Wpedantic -Wno-unused-parameter -Wno-overlength-strings -Wc++-compat -Wno-jump-misses-init -Wformat -Wformat-security -Wformat-nonliteral -Wmissing-prototypes -Wstrict-prototypes -Wredundant-decls -Wuninitialized -Winit-self -Wcast-qual -Wstrict-overflow -Wnested-externs -Wmultichar -Wundef -fno-strict-aliasing -fexceptions -ffunction-sections -fdata-sections    -pthread -std=gnu99 -o CMakeFiles/cmTC_62e33.dir/src.c.o -c /home/exintegra/lab_scada/opc_server/build/CMakeFiles/CMakeScratch/TryCompile-64HCB9/src.c
Linking C executable cmTC_62e33
/usr/bin/cmake -E cmake_link_script CMakeFiles/cmTC_62e33.dir/link.txt --verbose=1
/usr/bin/cc  -std=c99 -pipe -Wall -Wextra -Wpedantic -Wno-unused-parameter -Wno-overlength-strings -Wc++-compat -Wno-jump-misses-init -Wformat -Wformat-security -Wformat-nonliteral -Wmissing-prototypes -Wstrict-prototypes -Wredundant-decls -Wuninitialized -Winit-self -Wcast-qual -Wstrict-overflow -Wnested-externs -Wmultichar -Wundef -fno-strict-aliasing -fexceptions -ffunction-sections -fdata-sections  CMakeFiles/cmTC_62e33.dir/src.c.o -o cmTC_62e33 
gmake[1]: Leaving directory '/home/exintegra/lab_scada/opc_server/build/CMakeFiles/CMakeScratch/TryCompile-64HCB9'


Source file was:
int main(void) { return 0; }

